myAndroidLearning/app/build/intermediates/manifest_merge_blame_file/debug/manifest-merger-blame-debug-report.txt
1<?xml version="1.0" encoding="utf-8"?>
2<manifest xmlns:android="http://schemas.android.com/apk/res/android"
3    package="com.example.myandroidlearning"
4    android:versionCode="1"
5    android:versionName="1.0" >
6
7    <uses-sdk
8        android:minSdkVersion="14"
8-->src/main/AndroidManifest.xml
9        android:targetSdkVersion="30" />
9-->src/main/AndroidManifest.xml
10
11    <uses-permission android:name="android.permission.FOREGROUND_SERVICE" />
11-->src/main/AndroidManifest.xml:5:5-77
11-->src/main/AndroidManifest.xml:5:22-74
12    <uses-permission android:name="android.permission.INTERNET" />
12-->src/main/AndroidManifest.xml:6:5-83
12-->src/main/AndroidManifest.xml:6:22-64
13
14    <application
14-->src/main/AndroidManifest.xml:7:5-76:19
15        android:allowBackup="true"
15-->src/main/AndroidManifest.xml:9:9-35
16        android:appComponentFactory="androidx.core.app.CoreComponentFactory"
16-->[androidx.core:core:1.3.0] AndroidManifest.xml:24:18-86
17        android:debuggable="true"
18        android:icon="@mipmap/ic_launcher"
18-->src/main/AndroidManifest.xml:10:9-43
19        android:label="@string/app_name"
19-->src/main/AndroidManifest.xml:11:9-41
20        android:networkSecurityConfig="@xml/network_security_config"
20-->src/main/AndroidManifest.xml:8:9-69
21        android:roundIcon="@mipmap/ic_launcher_round"
21-->src/main/AndroidManifest.xml:12:9-54
22        android:supportsRtl="true"
22-->src/main/AndroidManifest.xml:13:9-35
23        android:testOnly="true"
24        android:theme="@style/AppTheme" >
24-->src/main/AndroidManifest.xml:14:9-40
25        <service
25-->src/main/AndroidManifest.xml:15:9-18:46
26            android:name="com.example.myandroidlearning.ServiceLearning.MyIntentService"
26-->src/main/AndroidManifest.xml:16:13-60
27            android:enabled="true"
27-->src/main/AndroidManifest.xml:18:13-35
28            android:exported="true" />
28-->src/main/AndroidManifest.xml:17:13-36
29
30        <activity android:name="com.example.myandroidlearning.ServiceLearning.DownLoadTask.DownLoadMainActivity" />
30-->src/main/AndroidManifest.xml:20:9-87
30-->src/main/AndroidManifest.xml:20:19-84
31
32        <service
32-->src/main/AndroidManifest.xml:22:9-25:39
33            android:name="com.example.myandroidlearning.ServiceLearning.DownLoadTask.DownLoadService"
33-->src/main/AndroidManifest.xml:23:13-73
34            android:enabled="true"
34-->src/main/AndroidManifest.xml:24:13-35
35            android:exported="true" />
35-->src/main/AndroidManifest.xml:25:13-36
36
37        <activity android:name="com.example.myandroidlearning.ServiceLearning.ServiceMainActivity" />
37-->src/main/AndroidManifest.xml:27:9-73
37-->src/main/AndroidManifest.xml:27:19-70
38        <activity android:name="com.example.myandroidlearning.ServiceLearning.MultiThreading.UpdateUIActivity" />
38-->src/main/AndroidManifest.xml:28:9-85
38-->src/main/AndroidManifest.xml:28:19-82
39        <activity android:name="com.example.myandroidlearning.Fragment.NewsFragment.NewsMainActivity" />
39-->src/main/AndroidManifest.xml:29:9-76
39-->src/main/AndroidManifest.xml:29:19-73
40        <activity android:name="com.example.myandroidlearning.Fragment.NewsFragment.NewsContentActivity" />
40-->src/main/AndroidManifest.xml:30:9-79
40-->src/main/AndroidManifest.xml:30:19-76
41        <activity android:name="com.example.myandroidlearning.Fragment.QualifiesFragmentActivity" />
41-->src/main/AndroidManifest.xml:31:9-72
41-->src/main/AndroidManifest.xml:31:19-69
42        <activity android:name="com.example.myandroidlearning.Views.RecyclerView.ChatBox.ChatBoxActivity" />
42-->src/main/AndroidManifest.xml:32:9-80
42-->src/main/AndroidManifest.xml:32:19-77
43        <activity android:name="com.example.myandroidlearning.Views.RecyclerView.RecyclerGridViewActivity" />
43-->src/main/AndroidManifest.xml:33:9-81
43-->src/main/AndroidManifest.xml:33:19-78
44        <activity android:name="com.example.myandroidlearning.Views.RecyclerView.RecyclerWaterFallViewActivity" />
44-->src/main/AndroidManifest.xml:34:9-86
44-->src/main/AndroidManifest.xml:34:19-83
45        <activity android:name="com.example.myandroidlearning.Views.RecyclerView.RecyclerHorizentalViewActivity" />
45-->src/main/AndroidManifest.xml:35:9-87
45-->src/main/AndroidManifest.xml:35:19-84
46        <activity android:name="com.example.myandroidlearning.Views.RecyclerView.RecyclerVerticalViewActivity" />
46-->src/main/AndroidManifest.xml:36:9-85
46-->src/main/AndroidManifest.xml:36:19-82
47        <activity android:name="com.example.myandroidlearning.Views.RecyclerView.RecylerViewButtonsActivity" />
47-->src/main/AndroidManifest.xml:37:9-83
47-->src/main/AndroidManifest.xml:37:19-80
48        <activity android:name="com.example.myandroidlearning.Fragment.twoPartFragmentActivity" />
48-->src/main/AndroidManifest.xml:38:9-70
48-->src/main/AndroidManifest.xml:38:19-67
49        <activity android:name="com.example.myandroidlearning.Fragment.ContainerActivity" />
49-->src/main/AndroidManifest.xml:39:9-64
49-->src/main/AndroidManifest.xml:39:19-61
50
51        <service
51-->src/main/AndroidManifest.xml:41:9-44:39
52            android:name="com.example.myandroidlearning.ServiceLearning.MyService"
52-->src/main/AndroidManifest.xml:42:13-54
53            android:enabled="true"
53-->src/main/AndroidManifest.xml:43:13-35
54            android:exported="true" />
54-->src/main/AndroidManifest.xml:44:13-36
55
56        <activity android:name="com.example.myandroidlearning.Views.ListView.Fruit.FruitListViewActivity" />
56-->src/main/AndroidManifest.xml:46:9-80
56-->src/main/AndroidManifest.xml:46:19-77
57        <activity android:name="com.example.myandroidlearning.Views.ListView.SimpleListViewActivity" />
57-->src/main/AndroidManifest.xml:47:9-75
57-->src/main/AndroidManifest.xml:47:19-72
58        <activity android:name="com.example.myandroidlearning.Views.ListView.ListViewButtonsActivity" />
58-->src/main/AndroidManifest.xml:48:9-76
58-->src/main/AndroidManifest.xml:48:19-73
59        <activity android:name="com.example.myandroidlearning.PopUpWindowActivity" />
59-->src/main/AndroidManifest.xml:49:9-57
59-->src/main/AndroidManifest.xml:49:19-54
60        <activity android:name="com.example.myandroidlearning.DIY.DIYActivity" />
60-->src/main/AndroidManifest.xml:50:9-53
60-->src/main/AndroidManifest.xml:50:19-50
61        <activity
61-->src/main/AndroidManifest.xml:51:9-53:51
62            android:name="com.example.myandroidlearning.ActivityLifeCycleTest.SingleInstanceActivity"
62-->src/main/AndroidManifest.xml:52:13-73
63            android:launchMode="singleInstance" />
63-->src/main/AndroidManifest.xml:53:13-48
64        <activity
64-->src/main/AndroidManifest.xml:54:9-56:47
65            android:name="com.example.myandroidlearning.ActivityLifeCycleTest.SingleTaskActivtity"
65-->src/main/AndroidManifest.xml:55:13-70
66            android:launchMode="singleTask" />
66-->src/main/AndroidManifest.xml:56:13-44
67        <activity android:name="com.example.myandroidlearning.DialogActivity" />
67-->src/main/AndroidManifest.xml:57:9-52
67-->src/main/AndroidManifest.xml:57:19-49
68        <activity android:name="com.example.myandroidlearning.ProgressDialogActivity" />
68-->src/main/AndroidManifest.xml:58:9-60
68-->src/main/AndroidManifest.xml:58:19-57
69        <activity android:name="com.example.myandroidlearning.ProgressBarActivity" />
69-->src/main/AndroidManifest.xml:59:9-57
69-->src/main/AndroidManifest.xml:59:19-54
70        <activity android:name="com.example.myandroidlearning.AlertDialogActivity" />
70-->src/main/AndroidManifest.xml:60:9-57
70-->src/main/AndroidManifest.xml:60:19-54
71        <activity android:name="com.example.myandroidlearning.ActivityLifeCycleTest.ActivityLifeCycleTestButtons" />
71-->src/main/AndroidManifest.xml:61:9-88
71-->src/main/AndroidManifest.xml:61:19-85
72        <activity android:name="com.example.myandroidlearning.ActivityLifeCycleTest.TestActivity" />
72-->src/main/AndroidManifest.xml:62:9-72
72-->src/main/AndroidManifest.xml:62:19-69
73        <activity
73-->src/main/AndroidManifest.xml:63:9-65:46
74            android:name="com.example.myandroidlearning.ActivityLifeCycleTest.SingleTopActivity"
74-->src/main/AndroidManifest.xml:64:13-68
75            android:launchMode="singleTop" />
75-->src/main/AndroidManifest.xml:65:13-43
76        <activity
76-->src/main/AndroidManifest.xml:66:9-68:45
77            android:name="com.example.myandroidlearning.ActivityLifeCycleTest.StandardStartActivity"
77-->src/main/AndroidManifest.xml:67:13-72
78            android:launchMode="standard" />
78-->src/main/AndroidManifest.xml:68:13-42
79        <activity android:name="com.example.myandroidlearning.MainActivity" >
79-->src/main/AndroidManifest.xml:69:9-75:20
79-->src/main/AndroidManifest.xml:69:19-47
80            <intent-filter>
80-->src/main/AndroidManifest.xml:70:13-74:29
81                <action android:name="android.intent.action.MAIN" />
81-->src/main/AndroidManifest.xml:71:17-69
81-->src/main/AndroidManifest.xml:71:25-66
82
83                <category android:name="android.intent.category.LAUNCHER" />
83-->src/main/AndroidManifest.xml:73:17-77
83-->src/main/AndroidManifest.xml:73:27-74
84            </intent-filter>
85        </activity>
86    </application>
87
88</manifest>